==> Processing catkin package: 'cartographer_ros'
==> Creating build directory: 'build_isolated/cartographer_ros'
==> Building with env: '/home/pi/ros_catkin_ws/install_isolated/env.sh'
==> cmake /home/pi/ros_catkin_ws/src/cartographer_ros/cartographer_ros -DCATKIN_DEVEL_PREFIX=/home/pi/ros_catkin_ws/devel_isolated/cartographer_ros -DCMAKE_INSTALL_PREFIX=/home/pi/ros_catkin_ws/install_isolated -G Ninja in '/home/pi/ros_catkin_ws/build_isolated/cartographer_ros'
-- The C compiler identification is GNU 8.3.0
-- The CXX compiler identification is GNU 8.3.0
-- Check for working C compiler: /usr/bin/cc
-- Check for working C compiler: /usr/bin/cc -- works
-- Detecting C compiler ABI info
-- Detecting C compiler ABI info - done
-- Detecting C compile features
-- Detecting C compile features - done
-- Check for working CXX compiler: /usr/bin/c++
-- Check for working CXX compiler: /usr/bin/c++ -- works
-- Detecting CXX compiler ABI info
-- Detecting CXX compiler ABI info - done
-- Detecting CXX compile features
-- Detecting CXX compile features - done
-- Found installed version of Eigen: /usr/lib/cmake/eigen3
-- Found required Ceres dependency: Eigen version 3.3.7 in /usr/include/eigen3
-- Found required Ceres dependency: glog
-- Found installed version of gflags: /usr/lib/arm-linux-gnueabihf/cmake/gflags
-- Detected gflags version: 2.2.2
-- Found required Ceres dependency: gflags
-- Found Ceres version: 1.13.0 installed in: /home/pi/ros_catkin_ws/install_isolated with components: [LAPACK, SuiteSparse, SparseLinearAlgebraLibrary, CXSparse, SchurSpecializations, OpenMP]
-- Build type: Release
Files /home/pi/ros_catkin_ws/build_isolated/cartographer_ros/AllFiles.cmake and - differ
CMake Warning at /usr/src/googletest/googlemock/CMakeLists.txt:40 (project):
  VERSION keyword not followed by a value or was followed by a value that
  expanded to nothing.


CMake Warning at /usr/src/googletest/googletest/CMakeLists.txt:47 (project):
  VERSION keyword not followed by a value or was followed by a value that
  expanded to nothing.


-- Found PythonInterp: /usr/bin/python (found version "2.7.16") 
-- Looking for pthread.h
-- Looking for pthread.h - found
-- Looking for pthread_create
-- Looking for pthread_create - not found
-- Check if compiler accepts -pthread
-- Check if compiler accepts -pthread - yes
-- Found Threads: TRUE  
-- Found GMock: gmock_main;-pthread  
-- Using CATKIN_DEVEL_PREFIX: /home/pi/ros_catkin_ws/devel_isolated/cartographer_ros
-- Using CMAKE_PREFIX_PATH: /home/pi/ros_catkin_ws/install_isolated;/home/pi/catkin_ws/devel;/opt/ros/melodic
-- This workspace overlays: /home/pi/ros_catkin_ws/install_isolated;/home/pi/catkin_ws/devel;/opt/ros/melodic
-- Found PythonInterp: /usr/bin/python (found suitable version "2.7.16", minimum required is "2") 
-- Using PYTHON_EXECUTABLE: /usr/bin/python
-- Using Debian Python package layout
-- Using empy: /usr/bin/empy
-- Using CATKIN_ENABLE_TESTING: ON
-- Call enable_testing()
-- Using CATKIN_TEST_RESULTS_DIR: /home/pi/ros_catkin_ws/build_isolated/cartographer_ros/test_results
-- Found gtest: gtests will be built
-- Using Python nosetests: /usr/bin/nosetests-2.7
-- catkin 0.7.19
-- BUILD_SHARED_LIBS is off
-- Using these message generators: gencpp;geneus;genlisp;gennodejs;genpy
-- Found PkgConfig: /usr/bin/pkg-config (found version "0.29") 
-- Found Lua: /usr/lib/arm-linux-gnueabihf/liblua5.2.so;/usr/lib/arm-linux-gnueabihf/libm.so (found version "5.2.4") 
-- Checking for module 'eigen3'
--   Found eigen3, version 3.3.7
-- Found Eigen: /usr/include/eigen3  
-- Eigen found (include: /usr/include/eigen3, version: 3.3.7)
-- Boost version: 1.67.0
-- Found the following Boost libraries:
--   system
--   filesystem
--   thread
--   date_time
--   iostreams
--   serialization
--   chrono
--   atomic
--   regex
-- looking for PCL_COMMON
-- Found PCL_COMMON: /usr/lib/arm-linux-gnueabihf/libpcl_common.so  
-- Found PCL: pcl_common;/usr/lib/arm-linux-gnueabihf/libboost_system.so;/usr/lib/arm-linux-gnueabihf/libboost_filesystem.so;/usr/lib/arm-linux-gnueabihf/libboost_thread.so;-pthread;/usr/lib/arm-linux-gnueabihf/libboost_date_time.so;/usr/lib/arm-linux-gnueabihf/libboost_iostreams.so;/usr/lib/arm-linux-gnueabihf/libboost_serialization.so;/usr/lib/arm-linux-gnueabihf/libboost_chrono.so;/usr/lib/arm-linux-gnueabihf/libboost_atomic.so;/usr/lib/arm-linux-gnueabihf/libboost_regex.so  
-- Boost version: 1.67.0
-- Found the following Boost libraries:
--   system
--   iostreams
--   regex
-- Configuring done
-- Generating done
-- Build files have been written to: /home/pi/ros_catkin_ws/build_isolated/cartographer_ros
==> ninja -j4 -l4 in '/home/pi/ros_catkin_ws/build_isolated/cartographer_ros'
[4/41] Building CXX object CMakeFiles/...dir/cartographer_ros/playable_bag.cc.o
In file included from /usr/include/c++/8/vector:69,
                 from /usr/include/c++/8/queue:61,
                 from /home/pi/ros_catkin_ws/src/cartographer_ros/cartographer_ros/cartographer_ros/playable_bag.h:20,
                 from /home/pi/ros_catkin_ws/src/cartographer_ros/cartographer_ros/cartographer_ros/playable_bag.cc:17:
/usr/include/c++/8/bits/vector.tcc: In member function ‘void std::vector<_Tp, _Alloc>::_M_realloc_insert(std::vector<_Tp, _Alloc>::iterator, _Args&& ...) [with _Args = {cartographer_ros::PlayableBag}; _Tp = cartographer_ros::PlayableBag; _Alloc = std::allocator<cartographer_ros::PlayableBag>]’:
/usr/include/c++/8/bits/vector.tcc:413:7: note: parameter passing for argument of type ‘std::vector<cartographer_ros::PlayableBag>::iterator’ {aka ‘__gnu_cxx::__normal_iterator<cartographer_ros::PlayableBag*, std::vector<cartographer_ros::PlayableBag> >’} changed in GCC 7.1
       vector<_Tp, _Alloc>::
       ^~~~~~~~~~~~~~~~~~~
/usr/include/c++/8/bits/vector.tcc: In member function ‘void cartographer_ros::PlayableBagMultiplexer::AddPlayableBag(cartographer_ros::PlayableBag)’:
/usr/include/c++/8/bits/vector.tcc:109:4: note: parameter passing for argument of type ‘__gnu_cxx::__normal_iterator<cartographer_ros::PlayableBag*, std::vector<cartographer_ros::PlayableBag> >’ changed in GCC 7.1
    _M_realloc_insert(end(), std::forward<_Args>(__args)...);
    ^~~~~~~~~~~~~~~~~
[6/41] Building CXX object CMakeFiles/...ir/cartographer_ros/sensor_bridge.cc.o
In file included from /usr/include/c++/8/map:60,
                 from /home/pi/ros_catkin_ws/install_isolated/include/cartographer/common/lua_parameter_dictionary.h:20,
                 from /home/pi/ros_catkin_ws/install_isolated/include/cartographer/mapping/trajectory_builder_interface.h:24,
                 from /home/pi/ros_catkin_ws/src/cartographer_ros/cartographer_ros/cartographer_ros/sensor_bridge.h:23,
                 from /home/pi/ros_catkin_ws/src/cartographer_ros/cartographer_ros/cartographer_ros/sensor_bridge.cc:17:
/usr/include/c++/8/bits/stl_tree.h: In member function ‘std::_Rb_tree<_Key, _Val, _KeyOfValue, _Compare, _Alloc>::iterator std::_Rb_tree<_Key, _Val, _KeyOfValue, _Compare, _Alloc>::_M_emplace_hint_unique(std::_Rb_tree<_Key, _Val, _KeyOfValue, _Compare, _Alloc>::const_iterator, _Args&& ...) [with _Args = {const std::piecewise_construct_t&, std::tuple<const std::__cxx11::basic_string<char, std::char_traits<char>, std::allocator<char> >&>, std::tuple<>}; _Key = std::__cxx11::basic_string<char>; _Val = std::pair<const std::__cxx11::basic_string<char>, std::chrono::time_point<cartographer::common::UniversalTimeScaleClock> >; _KeyOfValue = std::_Select1st<std::pair<const std::__cxx11::basic_string<char>, std::chrono::time_point<cartographer::common::UniversalTimeScaleClock> > >; _Compare = std::less<std::__cxx11::basic_string<char> >; _Alloc = std::allocator<std::pair<const std::__cxx11::basic_string<char>, std::chrono::time_point<cartographer::common::UniversalTimeScaleClock> > >]’:
/usr/include/c++/8/bits/stl_tree.h:2411:7: note: parameter passing for argument of type ‘std::_Rb_tree<std::__cxx11::basic_string<char>, std::pair<const std::__cxx11::basic_string<char>, std::chrono::time_point<cartographer::common::UniversalTimeScaleClock> >, std::_Select1st<std::pair<const std::__cxx11::basic_string<char>, std::chrono::time_point<cartographer::common::UniversalTimeScaleClock> > >, std::less<std::__cxx11::basic_string<char> >, std::allocator<std::pair<const std::__cxx11::basic_string<char>, std::chrono::time_point<cartographer::common::UniversalTimeScaleClock> > > >::const_iterator’ {aka ‘std::_Rb_tree_const_iterator<std::pair<const std::__cxx11::basic_string<char>, std::chrono::time_point<cartographer::common::UniversalTimeScaleClock> > >’} changed in GCC 7.1
       _Rb_tree<_Key, _Val, _KeyOfValue, _Compare, _Alloc>::
       ^~~~~~~~~~~~~~~~~~~~~~~~~~~~~~~~~~~~~~~~~~~~~~~~~~~
In file included from /usr/include/c++/8/map:61,
                 from /home/pi/ros_catkin_ws/install_isolated/include/cartographer/common/lua_parameter_dictionary.h:20,
                 from /home/pi/ros_catkin_ws/install_isolated/include/cartographer/mapping/trajectory_builder_interface.h:24,
                 from /home/pi/ros_catkin_ws/src/cartographer_ros/cartographer_ros/cartographer_ros/sensor_bridge.h:23,
                 from /home/pi/ros_catkin_ws/src/cartographer_ros/cartographer_ros/cartographer_ros/sensor_bridge.cc:17:
/usr/include/c++/8/bits/stl_map.h: In member function ‘void cartographer_ros::SensorBridge::HandleLaserScan(const string&, cartographer::common::Time, const string&, const cartographer::sensor::PointCloudWithIntensities&)’:
/usr/include/c++/8/bits/stl_map.h:499:8: note: parameter passing for argument of type ‘std::_Rb_tree<std::__cxx11::basic_string<char>, std::pair<const std::__cxx11::basic_string<char>, std::chrono::time_point<cartographer::common::UniversalTimeScaleClock> >, std::_Select1st<std::pair<const std::__cxx11::basic_string<char>, std::chrono::time_point<cartographer::common::UniversalTimeScaleClock> > >, std::less<std::__cxx11::basic_string<char> >, std::allocator<std::pair<const std::__cxx11::basic_string<char>, std::chrono::time_point<cartographer::common::UniversalTimeScaleClock> > > >::const_iterator’ {aka ‘std::_Rb_tree_const_iterator<std::pair<const std::__cxx11::basic_string<char>, std::chrono::time_point<cartographer::common::UniversalTimeScaleClock> > >’} changed in GCC 7.1
    __i = _M_t._M_emplace_hint_unique(__i, std::piecewise_construct,
[9/41] Building CXX object CMakeFiles/...her_ros.dir/cartographer_ros/node.cc.o
FAILED: CMakeFiles/cartographer_ros.dir/cartographer_ros/node.cc.o 
/usr/bin/c++  -DGFLAGS_IS_A_DLL=0 -DROSCONSOLE_BACKEND_LOG4CXX -DROS_PACKAGE_NAME=\"cartographer_ros\" -DURDFDOM_HEADERS_HAS_SHARED_PTR_DEFS -I. -I/home/pi/ros_catkin_ws/src/cartographer_ros/cartographer_ros -I/usr/src/googletest/googlemock/gtest/include -isystem /usr/include/lua5.2 -isystem /usr/include/pcl-1.9 -isystem /usr/include/eigen3 -isystem /home/pi/ros_catkin_ws/install_isolated/include -isystem /home/pi/ros_catkin_ws/install_isolated/share/orocos_kdl/cmake/../../../include -isystem /home/pi/ros_catkin_ws/install_isolated/share/xmlrpcpp/cmake/../../../include/xmlrpcpp -isystem /usr/include/vtk-7.1 -isystem /usr/include/freetype2 -isystem /usr/include/arm-linux-gnueabihf -isystem /usr/lib/arm-linux-gnueabihf/openmpi/include/openmpi -isystem /usr/lib/arm-linux-gnueabihf/openmpi/include -isystem /usr/include/python3.7m -isystem /usr/include/hdf5/openmpi -isystem /usr/include/jsoncpp -isystem /usr/include/libxml2 -isystem /usr/include/tcl -isystem /usr/include/cairo -isystem /usr/include/glib-2.0 -isystem /usr/lib/arm-linux-gnueabihf/glib-2.0/include -isystem /usr/include/pixman-1 -isystem /usr/include/uuid -isystem /usr/include/libpng16 -isystem /usr/local/include -D_FILE_OFFSET_BITS=64 -O3 -DNDEBUG    -pthread -std=c++11 -fPIC  -Wall -Wpedantic -Werror=format-security -Werror=missing-braces -Werror=reorder -Werror=return-type -Werror=switch -Werror=uninitialized -O3 -DNDEBUG -MD -MT CMakeFiles/cartographer_ros.dir/cartographer_ros/node.cc.o -MF CMakeFiles/cartographer_ros.dir/cartographer_ros/node.cc.o.d -o CMakeFiles/cartographer_ros.dir/cartographer_ros/node.cc.o -c /home/pi/ros_catkin_ws/src/cartographer_ros/cartographer_ros/cartographer_ros/node.cc
In file included from /home/pi/ros_catkin_ws/install_isolated/include/tf2_eigen/tf2_eigen.h:32,
                 from /home/pi/ros_catkin_ws/src/cartographer_ros/cartographer_ros/cartographer_ros/node.cc:43:
/home/pi/ros_catkin_ws/install_isolated/include/tf2/transform_functions.h:71:20: error: redefinition of ‘template<class P> const ros::Time& tf2::getTimestamp(const tf2::Stamped<T>&)’
   const ros::Time& getTimestamp(const tf2::Stamped<P>& t)
                    ^~~~~~~~~~~~
In file included from /home/pi/ros_catkin_ws/install_isolated/include/tf2_ros/buffer_interface.h:40,
                 from /home/pi/ros_catkin_ws/install_isolated/include/tf2_ros/buffer.h:35,
                 from /home/pi/ros_catkin_ws/src/cartographer_ros/cartographer_ros/cartographer_ros/tf_bridge.h:23,
                 from /home/pi/ros_catkin_ws/src/cartographer_ros/cartographer_ros/cartographer_ros/sensor_bridge.h:28,
                 from /home/pi/ros_catkin_ws/src/cartographer_ros/cartographer_ros/cartographer_ros/map_builder_bridge.h:30,
                 from /home/pi/ros_catkin_ws/src/cartographer_ros/cartographer_ros/cartographer_ros/node.h:31,
                 from /home/pi/ros_catkin_ws/src/cartographer_ros/cartographer_ros/cartographer_ros/node.cc:17:
/home/pi/ros_catkin_ws/install_isolated/include/tf2/convert.h:75:20: note: ‘template<class P> const ros::Time& tf2::getTimestamp(const tf2::Stamped<T>&)’ previously declared here
   const ros::Time& getTimestamp(const tf2::Stamped<P>& t)
                    ^~~~~~~~~~~~
In file included from /home/pi/ros_catkin_ws/install_isolated/include/tf2_eigen/tf2_eigen.h:32,
                 from /home/pi/ros_catkin_ws/src/cartographer_ros/cartographer_ros/cartographer_ros/node.cc:43:
/home/pi/ros_catkin_ws/install_isolated/include/tf2/transform_functions.h:78:22: error: redefinition of ‘template<class P> const string& tf2::getFrameId(const tf2::Stamped<T>&)’
   const std::string& getFrameId(const tf2::Stamped<P>& t)
                      ^~~~~~~~~~
In file included from /home/pi/ros_catkin_ws/install_isolated/include/tf2_ros/buffer_interface.h:40,
                 from /home/pi/ros_catkin_ws/install_isolated/include/tf2_ros/buffer.h:35,
                 from /home/pi/ros_catkin_ws/src/cartographer_ros/cartographer_ros/cartographer_ros/tf_bridge.h:23,
                 from /home/pi/ros_catkin_ws/src/cartographer_ros/cartographer_ros/cartographer_ros/sensor_bridge.h:28,
                 from /home/pi/ros_catkin_ws/src/cartographer_ros/cartographer_ros/cartographer_ros/map_builder_bridge.h:30,
                 from /home/pi/ros_catkin_ws/src/cartographer_ros/cartographer_ros/cartographer_ros/node.h:31,
                 from /home/pi/ros_catkin_ws/src/cartographer_ros/cartographer_ros/cartographer_ros/node.cc:17:
/home/pi/ros_catkin_ws/install_isolated/include/tf2/convert.h:82:22: note: ‘template<class P> const string& tf2::getFrameId(const tf2::Stamped<T>&)’ previously declared here
   const std::string& getFrameId(const tf2::Stamped<P>& t)
                      ^~~~~~~~~~
[10/41] Building CXX object CMakeFiles...dir/cartographer_ros/offline_node.cc.o
In file included from /usr/include/c++/8/vector:69,
                 from /home/pi/ros_catkin_ws/src/cartographer_ros/cartographer_ros/cartographer_ros/offline_node.h:23,
                 from /home/pi/ros_catkin_ws/src/cartographer_ros/cartographer_ros/cartographer_ros/offline_node.cc:17:
/usr/include/c++/8/bits/vector.tcc: In member function ‘void std::vector<_Tp, _Alloc>::_M_realloc_insert(std::vector<_Tp, _Alloc>::iterator, _Args&& ...) [with _Args = {const cartographer_ros::TrajectoryOptions&}; _Tp = cartographer_ros::TrajectoryOptions; _Alloc = std::allocator<cartographer_ros::TrajectoryOptions>]’:
/usr/include/c++/8/bits/vector.tcc:413:7: note: parameter passing for argument of type ‘std::vector<cartographer_ros::TrajectoryOptions>::iterator’ {aka ‘__gnu_cxx::__normal_iterator<cartographer_ros::TrajectoryOptions*, std::vector<cartographer_ros::TrajectoryOptions> >’} changed in GCC 7.1
       vector<_Tp, _Alloc>::
       ^~~~~~~~~~~~~~~~~~~
In file included from /usr/include/c++/8/vector:64,
                 from /home/pi/ros_catkin_ws/src/cartographer_ros/cartographer_ros/cartographer_ros/offline_node.h:23,
                 from /home/pi/ros_catkin_ws/src/cartographer_ros/cartographer_ros/cartographer_ros/offline_node.cc:17:
/usr/include/c++/8/bits/stl_vector.h: In function ‘void cartographer_ros::RunOfflineNode(const MapBuilderFactory&)’:
/usr/include/c++/8/bits/stl_vector.h:1085:4: note: parameter passing for argument of type ‘__gnu_cxx::__normal_iterator<cartographer_ros::TrajectoryOptions*, std::vector<cartographer_ros::TrajectoryOptions> >’ changed in GCC 7.1
    _M_realloc_insert(end(), __x);
    ^~~~~~~~~~~~~~~~~
[11/41] Building CXX object CMakeFiles...r_ros.dir/cartographer_ros/submap.cc.o
In file included from /usr/include/c++/8/vector:69,
                 from /home/pi/ros_catkin_ws/src/cartographer_ros/cartographer_ros/cartographer_ros/submap.h:22,
                 from /home/pi/ros_catkin_ws/src/cartographer_ros/cartographer_ros/cartographer_ros/submap.cc:17:
/usr/include/c++/8/bits/vector.tcc: In member function ‘void std::vector<_Tp, _Alloc>::_M_realloc_insert(std::vector<_Tp, _Alloc>::iterator, _Args&& ...) [with _Args = {cartographer::io::SubmapTexture}; _Tp = cartographer::io::SubmapTexture; _Alloc = std::allocator<cartographer::io::SubmapTexture>]’:
/usr/include/c++/8/bits/vector.tcc:413:7: note: parameter passing for argument of type ‘std::vector<cartographer::io::SubmapTexture>::iterator’ {aka ‘__gnu_cxx::__normal_iterator<cartographer::io::SubmapTexture*, std::vector<cartographer::io::SubmapTexture> >’} changed in GCC 7.1
       vector<_Tp, _Alloc>::
       ^~~~~~~~~~~~~~~~~~~
/usr/include/c++/8/bits/vector.tcc: In function ‘std::unique_ptr<cartographer::io::SubmapTextures> cartographer_ros::FetchSubmapTextures(const cartographer::mapping::SubmapId&, ros::ServiceClient*)’:
/usr/include/c++/8/bits/vector.tcc:109:4: note: parameter passing for argument of type ‘__gnu_cxx::__normal_iterator<cartographer::io::SubmapTexture*, std::vector<cartographer::io::SubmapTexture> >’ changed in GCC 7.1
    _M_realloc_insert(end(), std::forward<_Args>(__args)...);
    ^~~~~~~~~~~~~~~~~
[12/41] Building CXX object CMakeFiles...rtographer_ros/map_builder_bridge.cc.o
In file included from /usr/include/c++/8/vector:69,
                 from /home/pi/ros_catkin_ws/install_isolated/include/cartographer/mapping/map_builder_interface.h:22,
                 from /home/pi/ros_catkin_ws/src/cartographer_ros/cartographer_ros/cartographer_ros/map_builder_bridge.h:26,
                 from /home/pi/ros_catkin_ws/src/cartographer_ros/cartographer_ros/cartographer_ros/map_builder_bridge.cc:17:
/usr/include/c++/8/bits/vector.tcc: In member function ‘void std::vector<_Tp, _Alloc>::_M_realloc_insert(std::vector<_Tp, _Alloc>::iterator, _Args&& ...) [with _Args = {const visualization_msgs::Marker_<std::allocator<void> >&}; _Tp = visualization_msgs::Marker_<std::allocator<void> >; _Alloc = std::allocator<visualization_msgs::Marker_<std::allocator<void> > >]’:
/usr/include/c++/8/bits/vector.tcc:413:7: note: parameter passing for argument of type ‘std::vector<visualization_msgs::Marker_<std::allocator<void> > >::iterator’ {aka ‘__gnu_cxx::__normal_iterator<visualization_msgs::Marker_<std::allocator<void> >*, std::vector<visualization_msgs::Marker_<std::allocator<void> > > >’} changed in GCC 7.1
       vector<_Tp, _Alloc>::
       ^~~~~~~~~~~~~~~~~~~
In file included from /usr/include/c++/8/vector:64,
                 from /home/pi/ros_catkin_ws/install_isolated/include/cartographer/mapping/map_builder_interface.h:22,
                 from /home/pi/ros_catkin_ws/src/cartographer_ros/cartographer_ros/cartographer_ros/map_builder_bridge.h:26,
                 from /home/pi/ros_catkin_ws/src/cartographer_ros/cartographer_ros/cartographer_ros/map_builder_bridge.cc:17:
/usr/include/c++/8/bits/stl_vector.h: In member function ‘void std::vector<_Tp, _Alloc>::push_back(const value_type&) [with _Tp = visualization_msgs::Marker_<std::allocator<void> >; _Alloc = std::allocator<visualization_msgs::Marker_<std::allocator<void> > >]’:
/usr/include/c++/8/bits/stl_vector.h:1085:4: note: parameter passing for argument of type ‘__gnu_cxx::__normal_iterator<visualization_msgs::Marker_<std::allocator<void> >*, std::vector<visualization_msgs::Marker_<std::allocator<void> > > >’ changed in GCC 7.1
    _M_realloc_insert(end(), __x);
    ^~~~~~~~~~~~~~~~~
In file included from /usr/include/c++/8/vector:69,
                 from /home/pi/ros_catkin_ws/install_isolated/include/cartographer/mapping/map_builder_interface.h:22,
                 from /home/pi/ros_catkin_ws/src/cartographer_ros/cartographer_ros/cartographer_ros/map_builder_bridge.h:26,
                 from /home/pi/ros_catkin_ws/src/cartographer_ros/cartographer_ros/cartographer_ros/map_builder_bridge.cc:17:
/usr/include/c++/8/bits/vector.tcc: In member function ‘void std::vector<_Tp, _Alloc>::_M_realloc_insert(std::vector<_Tp, _Alloc>::iterator, _Args&& ...) [with _Args = {}; _Tp = cartographer_ros_msgs::SubmapTexture_<std::allocator<void> >; _Alloc = std::allocator<cartographer_ros_msgs::SubmapTexture_<std::allocator<void> > >]’:
/usr/include/c++/8/bits/vector.tcc:413:7: note: parameter passing for argument of type ‘std::vector<cartographer_ros_msgs::SubmapTexture_<std::allocator<void> >, std::allocator<cartographer_ros_msgs::SubmapTexture_<std::allocator<void> > > >::iterator’ {aka ‘__gnu_cxx::__normal_iterator<cartographer_ros_msgs::SubmapTexture_<std::allocator<void> >*, std::vector<cartographer_ros_msgs::SubmapTexture_<std::allocator<void> >, std::allocator<cartographer_ros_msgs::SubmapTexture_<std::allocator<void> > > > >’} changed in GCC 7.1
       vector<_Tp, _Alloc>::
       ^~~~~~~~~~~~~~~~~~~
/usr/include/c++/8/bits/vector.tcc: In member function ‘void std::vector<_Tp, _Alloc>::_M_realloc_insert(std::vector<_Tp, _Alloc>::iterator, _Args&& ...) [with _Args = {const cartographer_ros_msgs::SubmapEntry_<std::allocator<void> >&}; _Tp = cartographer_ros_msgs::SubmapEntry_<std::allocator<void> >; _Alloc = std::allocator<cartographer_ros_msgs::SubmapEntry_<std::allocator<void> > >]’:
/usr/include/c++/8/bits/vector.tcc:413:7: note: parameter passing for argument of type ‘std::vector<cartographer_ros_msgs::SubmapEntry_<std::allocator<void> >, std::allocator<cartographer_ros_msgs::SubmapEntry_<std::allocator<void> > > >::iterator’ {aka ‘__gnu_cxx::__normal_iterator<cartographer_ros_msgs::SubmapEntry_<std::allocator<void> >*, std::vector<cartographer_ros_msgs::SubmapEntry_<std::allocator<void> >, std::allocator<cartographer_ros_msgs::SubmapEntry_<std::allocator<void> > > > >’} changed in GCC 7.1
/usr/include/c++/8/bits/vector.tcc: In member function ‘void std::vector<_Tp, _Alloc>::_M_realloc_insert(std::vector<_Tp, _Alloc>::iterator, _Args&& ...) [with _Args = {const geometry_msgs::Point_<std::allocator<void> >&}; _Tp = geometry_msgs::Point_<std::allocator<void> >; _Alloc = std::allocator<geometry_msgs::Point_<std::allocator<void> > >]’:
/usr/include/c++/8/bits/vector.tcc:413:7: note: parameter passing for argument of type ‘std::vector<geometry_msgs::Point_<std::allocator<void> >, std::allocator<geometry_msgs::Point_<std::allocator<void> > > >::iterator’ {aka ‘__gnu_cxx::__normal_iterator<geometry_msgs::Point_<std::allocator<void> >*, std::vector<geometry_msgs::Point_<std::allocator<void> >, std::allocator<geometry_msgs::Point_<std::allocator<void> > > > >’} changed in GCC 7.1
In file included from /usr/include/c++/8/vector:64,
                 from /home/pi/ros_catkin_ws/install_isolated/include/cartographer/mapping/map_builder_interface.h:22,
                 from /home/pi/ros_catkin_ws/src/cartographer_ros/cartographer_ros/cartographer_ros/map_builder_bridge.h:26,
                 from /home/pi/ros_catkin_ws/src/cartographer_ros/cartographer_ros/cartographer_ros/map_builder_bridge.cc:17:
/usr/include/c++/8/bits/stl_vector.h: In member function ‘void std::vector<_Tp, _Alloc>::push_back(const value_type&) [with _Tp = geometry_msgs::Point_<std::allocator<void> >; _Alloc = std::allocator<geometry_msgs::Point_<std::allocator<void> > >]’:
/usr/include/c++/8/bits/stl_vector.h:1085:4: note: parameter passing for argument of type ‘__gnu_cxx::__normal_iterator<geometry_msgs::Point_<std::allocator<void> >*, std::vector<geometry_msgs::Point_<std::allocator<void> >, std::allocator<geometry_msgs::Point_<std::allocator<void> > > > >’ changed in GCC 7.1
    _M_realloc_insert(end(), __x);
    ^~~~~~~~~~~~~~~~~
In file included from /usr/include/c++/8/vector:69,
                 from /home/pi/ros_catkin_ws/install_isolated/include/cartographer/mapping/map_builder_interface.h:22,
                 from /home/pi/ros_catkin_ws/src/cartographer_ros/cartographer_ros/cartographer_ros/map_builder_bridge.h:26,
                 from /home/pi/ros_catkin_ws/src/cartographer_ros/cartographer_ros/cartographer_ros/map_builder_bridge.cc:17:
/usr/include/c++/8/bits/vector.tcc: In member function ‘void std::vector<_Tp, _Alloc>::_M_realloc_insert(std::vector<_Tp, _Alloc>::iterator, _Args&& ...) [with _Args = {visualization_msgs::Marker_<std::allocator<void> >}; _Tp = visualization_msgs::Marker_<std::allocator<void> >; _Alloc = std::allocator<visualization_msgs::Marker_<std::allocator<void> > >]’:
/usr/include/c++/8/bits/vector.tcc:413:7: note: parameter passing for argument of type ‘std::vector<visualization_msgs::Marker_<std::allocator<void> > >::iterator’ {aka ‘__gnu_cxx::__normal_iterator<visualization_msgs::Marker_<std::allocator<void> >*, std::vector<visualization_msgs::Marker_<std::allocator<void> > > >’} changed in GCC 7.1
       vector<_Tp, _Alloc>::
       ^~~~~~~~~~~~~~~~~~~
/usr/include/c++/8/bits/vector.tcc: In member function ‘void std::vector<_Tp, _Alloc>::_M_realloc_insert(std::vector<_Tp, _Alloc>::iterator, _Args&& ...) [with _Args = {geometry_msgs::Point_<std::allocator<void> >}; _Tp = geometry_msgs::Point_<std::allocator<void> >; _Alloc = std::allocator<geometry_msgs::Point_<std::allocator<void> > >]’:
/usr/include/c++/8/bits/vector.tcc:413:7: note: parameter passing for argument of type ‘std::vector<geometry_msgs::Point_<std::allocator<void> >, std::allocator<geometry_msgs::Point_<std::allocator<void> > > >::iterator’ {aka ‘__gnu_cxx::__normal_iterator<geometry_msgs::Point_<std::allocator<void> >*, std::vector<geometry_msgs::Point_<std::allocator<void> >, std::allocator<geometry_msgs::Point_<std::allocator<void> > > > >’} changed in GCC 7.1
/usr/include/c++/8/bits/vector.tcc: In member function ‘void std::vector<_Tp, _Alloc>::emplace_back(_Args&& ...) [with _Args = {geometry_msgs::Point_<std::allocator<void> >}; _Tp = geometry_msgs::Point_<std::allocator<void> >; _Alloc = std::allocator<geometry_msgs::Point_<std::allocator<void> > >]’:
/usr/include/c++/8/bits/vector.tcc:109:4: note: parameter passing for argument of type ‘__gnu_cxx::__normal_iterator<geometry_msgs::Point_<std::allocator<void> >*, std::vector<geometry_msgs::Point_<std::allocator<void> >, std::allocator<geometry_msgs::Point_<std::allocator<void> > > > >’ changed in GCC 7.1
    _M_realloc_insert(end(), std::forward<_Args>(__args)...);
    ^~~~~~~~~~~~~~~~~
/usr/include/c++/8/bits/vector.tcc: In member function ‘visualization_msgs::MarkerArray cartographer_ros::MapBuilderBridge::GetLandmarkPosesList()’:
/usr/include/c++/8/bits/vector.tcc:109:4: note: parameter passing for argument of type ‘__gnu_cxx::__normal_iterator<visualization_msgs::Marker_<std::allocator<void> >*, std::vector<visualization_msgs::Marker_<std::allocator<void> > > >’ changed in GCC 7.1
    _M_realloc_insert(end(), std::forward<_Args>(__args)...);
    ^~~~~~~~~~~~~~~~~
In file included from /usr/include/c++/8/vector:64,
                 from /home/pi/ros_catkin_ws/install_isolated/include/cartographer/mapping/map_builder_interface.h:22,
                 from /home/pi/ros_catkin_ws/src/cartographer_ros/cartographer_ros/cartographer_ros/map_builder_bridge.h:26,
                 from /home/pi/ros_catkin_ws/src/cartographer_ros/cartographer_ros/cartographer_ros/map_builder_bridge.cc:17:
/usr/include/c++/8/bits/stl_vector.h: In member function ‘visualization_msgs::MarkerArray cartographer_ros::MapBuilderBridge::GetTrajectoryNodeList()’:
/usr/include/c++/8/bits/stl_vector.h:1085:4: note: parameter passing for argument of type ‘__gnu_cxx::__normal_iterator<geometry_msgs::Point_<std::allocator<void> >*, std::vector<geometry_msgs::Point_<std::allocator<void> >, std::allocator<geometry_msgs::Point_<std::allocator<void> > > > >’ changed in GCC 7.1
    _M_realloc_insert(end(), __x);
    ^~~~~~~~~~~~~~~~~
/usr/include/c++/8/bits/stl_vector.h: In member function ‘cartographer_ros_msgs::SubmapList cartographer_ros::MapBuilderBridge::GetSubmapList()’:
/usr/include/c++/8/bits/stl_vector.h:1085:4: note: parameter passing for argument of type ‘__gnu_cxx::__normal_iterator<cartographer_ros_msgs::SubmapEntry_<std::allocator<void> >*, std::vector<cartographer_ros_msgs::SubmapEntry_<std::allocator<void> >, std::allocator<cartographer_ros_msgs::SubmapEntry_<std::allocator<void> > > > >’ changed in GCC 7.1
    _M_realloc_insert(end(), __x);
    ^~~~~~~~~~~~~~~~~
In file included from /usr/include/c++/8/vector:69,
                 from /home/pi/ros_catkin_ws/install_isolated/include/cartographer/mapping/map_builder_interface.h:22,
                 from /home/pi/ros_catkin_ws/src/cartographer_ros/cartographer_ros/cartographer_ros/map_builder_bridge.h:26,
                 from /home/pi/ros_catkin_ws/src/cartographer_ros/cartographer_ros/cartographer_ros/map_builder_bridge.cc:17:
/usr/include/c++/8/bits/vector.tcc: In member function ‘void cartographer_ros::MapBuilderBridge::HandleSubmapQuery(cartographer_ros_msgs::SubmapQuery::Request&, cartographer_ros_msgs::SubmapQuery::Response&)’:
/usr/include/c++/8/bits/vector.tcc:109:4: note: parameter passing for argument of type ‘__gnu_cxx::__normal_iterator<cartographer_ros_msgs::SubmapTexture_<std::allocator<void> >*, std::vector<cartographer_ros_msgs::SubmapTexture_<std::allocator<void> >, std::allocator<cartographer_ros_msgs::SubmapTexture_<std::allocator<void> > > > >’ changed in GCC 7.1
    _M_realloc_insert(end(), std::forward<_Args>(__args)...);
    ^~~~~~~~~~~~~~~~~
ninja: build stopped: subcommand failed.
<== Failed to process package 'cartographer_ros': 
  Command '['/home/pi/ros_catkin_ws/install_isolated/env.sh', 'ninja', '-j4', '-l4']' returned non-zero exit status 1

Reproduce this error by running:
==> cd /home/pi/ros_catkin_ws/build_isolated/cartographer_ros && /home/pi/ros_catkin_ws/install_isolated/env.sh ninja -j4 -l4

Command failed, exiting.
